\BOOKMARK [1][-]{section.1}{\376\377\004\022\004\062\004\065\004\064\004\065\004\075\004\070\004\065}{}% 1
\BOOKMARK [2][-]{subsection.1.1}{\376\377\004\036\000\040\004\075\004\065\004\073\004\070\004\075\004\065\004\071\004\075\004\076\004\101\004\102\004\070\000\040\004\101\004\062\004\076\004\061\004\076\004\064\004\075\004\113\004\105\000\040\004\077\004\100\004\076\000-\000p\000-\004\063\004\100\004\103\004\077\004\077}{section.1}% 2
\BOOKMARK [2][-]{subsection.1.2}{\376\377\000P\000I\000-\004\102\004\065\004\076\004\100\004\070\004\117\000\040\004\070\000\040\004\063\004\070\004\077\004\076\004\102\004\065\004\067\004\060\000\040\004\023\004\065\004\073\004\114\004\104\004\060\004\075\004\064\004\060}{section.1}% 3
\BOOKMARK [1][-]{section.2}{\376\377\004\037\004\076\004\064\004\105\004\076\004\064\000\040\004\027\004\103\004\061\004\072\004\076\004\062\004\060\000,\000\040\000p\000=\0002}{}% 4
\BOOKMARK [2][-]{subsection.2.1}{\376\377\004\043\004\075\004\070\004\062\004\065\004\100\004\101\004\060\004\073\004\114\004\075\004\076\004\065\000\040\004\077\004\100\004\065\004\064\004\101\004\102\004\060\004\062\004\073\004\065\004\075\004\070\004\065}{section.2}% 5
\BOOKMARK [2][-]{subsection.2.2}{\376\377\004\035\004\065\004\102\004\076\004\107\004\075\004\076\004\101\004\102\004\114\000\040\004\103\004\075\004\070\004\062\004\065\004\100\004\101\004\060\004\073\004\114\004\075\004\076\004\063\004\076\000\040\004\077\004\100\004\065\004\064\004\101\004\102\004\060\004\062\004\073\004\065\004\075\004\070\004\117}{section.2}% 6
\BOOKMARK [1][-]{section.3}{\376\377\004\037\004\076\004\064\004\105\004\076\004\064\000\040\004\021\004\065\004\075\004\060\000-\004\055\004\067\004\100\004\113\040\024\004\027\004\065\004\073\004\114\004\074\004\060\004\075\004\076\004\062\004\060\000,\000\040\000p\000\040\000=\000\040\0002\000,\000\040\000c\000h\000a\000r\000\050\000\051\000\040\000=\000\040\0002}{}% 7
\BOOKMARK [2][-]{subsection.3.1}{\376\377\004\043\004\075\004\070\004\062\004\065\004\100\004\101\004\060\004\073\004\114\004\075\004\076\004\065\000\040\004\077\004\100\004\065\004\064\004\101\004\102\004\060\004\062\004\073\004\065\004\075\004\070\004\065}{section.3}% 8
\BOOKMARK [2][-]{subsection.3.2}{\376\377\004\035\004\060\004\061\004\100\004\076\004\101\004\076\004\072\000\040\004\064\004\076\004\072\004\060\004\067\004\060\004\102\004\065\004\073\004\114\004\101\004\102\004\062\004\060}{section.3}% 9
\BOOKMARK [1][-]{section.4}{\376\377\004\041\004\073\004\103\004\107\004\060\004\071\000\040\000p\000=\0002\000,\000\040\000c\000h\000a\000r\000\050\000\051\000\040\000=\000\040\0004}{}% 10
\BOOKMARK [2][-]{subsection.4.1}{\376\377\004\043\004\075\004\070\004\062\004\065\004\100\004\101\004\060\004\073\004\114\004\075\004\076\004\065\000\040\004\077\004\100\004\065\004\064\004\101\004\102\004\060\004\062\004\073\004\065\004\075\004\070\004\065}{section.4}% 11
\BOOKMARK [2][-]{subsection.4.2}{\376\377\004\035\004\060\004\061\004\100\004\076\004\101\004\076\004\072\000\040\004\064\004\076\004\072\004\060\004\067\004\060\004\102\004\065\004\073\004\114\004\101\004\102\004\062\004\060}{section.4}% 12
\BOOKMARK [1][-]{section.5}{\376\377\004\034\004\065\004\102\004\076\004\064\004\113\000\040\004\023\004\100\004\070\004\110\004\070\004\075\004\060}{}% 13
\BOOKMARK [2][-]{subsection.5.1}{\376\377\004\036\004\101\004\075\004\076\004\062\004\075\004\113\004\065\000\040\004\073\004\065\004\074\004\074\004\113}{section.5}% 14
\BOOKMARK [2][-]{subsection.5.2}{\376\377\004\032\004\073\004\116\004\107\004\065\004\062\004\060\004\117\000\040\004\077\004\076\004\064\004\101\004\102\004\060\004\075\004\076\004\062\004\072\004\060}{section.5}% 15
\BOOKMARK [2][-]{subsection.5.3}{\376\377\004\023\004\073\004\076\004\061\004\060\004\073\004\114\004\075\004\060\004\117\000\040\004\072\004\076\004\075\004\065\004\107\004\075\004\060\004\117\000\040\004\061\004\060\004\067\004\070\004\100\004\103\004\065\004\074\004\076\004\101\004\102\004\114\000\040\004\070\004\067\000\040\004\072\004\076\004\075\004\065\004\107\004\075\004\076\004\071\000\040\004\061\004\060\004\067\004\070\004\100\004\103\004\065\004\074\004\076\004\101\004\102\004\070\000\040\004\077\004\076\000\040\004\072\004\060\004\066\004\064\004\076\004\071\000\040\004\072\004\076\004\076\004\100\004\064\004\070\004\075\004\060\004\102\004\065}{section.5}% 16
\BOOKMARK [2][-]{subsection.5.4}{\376\377\004\032\004\076\004\075\004\065\004\107\004\075\004\060\004\117\000\040\004\061\004\060\004\067\004\070\004\100\004\103\004\065\004\074\004\076\004\101\004\102\004\114\000\040\004\077\004\076\000\040\004\072\004\060\004\066\004\064\004\076\004\071\000\040\004\072\004\076\004\076\004\100\004\064\004\070\004\075\004\060\004\102\004\065}{section.5}% 17
\BOOKMARK [3][-]{subsubsection.5.4.1}{\376\377\004\024\004\076\004\072\004\060\004\067\004\060\004\102\004\065\004\073\004\114\004\101\004\102\004\062\004\076\000\040\004\062\000\040\004\101\004\073\004\103\004\107\004\060\004\065\000\040\004\064\004\062\004\103\004\105\000\040\004\077\004\065\004\100\004\065\004\074\004\065\004\075\004\075\004\113\004\105\000.}{subsection.5.4}% 18
\BOOKMARK [3][-]{subsubsection.5.4.2}{\376\377\004\024\004\076\004\072\004\060\004\067\004\060\004\102\004\065\004\073\004\114\004\101\004\102\004\062\004\076\000\040\004\062\000\040\004\076\004\061\004\111\004\065\004\074\000\040\004\101\004\073\004\103\004\107\004\060\004\065}{subsection.5.4}% 19
\BOOKMARK [1][-]{section.6}{\376\377\004\041\004\062\004\117\004\067\004\114\000\040\004\074\004\065\004\102\004\076\004\064\004\076\004\062\000\040\004\023\004\100\004\070\004\110\004\070\004\075\004\060\000\040\004\101\000\040\004\063\004\070\004\077\004\076\004\102\004\070\004\067\004\065\004\071\000\040\004\023\004\065\004\073\004\114\004\104\004\060\004\075\004\064\004\060}{}% 20
